[debug] [2025-05-14T10:50:02.821Z] ----------------------------------------------------------------------
[debug] [2025-05-14T10:50:02.826Z] Command:       C:\Program Files\nodejs\node.exe C:\Users\Sneha sutradhar\AppData\Roaming\npm\node_modules\firebase-tools\lib\bin\firebase.js init hosting
[debug] [2025-05-14T10:50:02.826Z] CLI Version:   14.3.1
[debug] [2025-05-14T10:50:02.826Z] Platform:      win32
[debug] [2025-05-14T10:50:02.826Z] Node Version:  v22.15.0
[debug] [2025-05-14T10:50:02.827Z] Time:          Wed May 14 2025 16:20:02 GMT+0530 (India Standard Time)
[debug] [2025-05-14T10:50:02.827Z] ----------------------------------------------------------------------
[debug] 
[debug] [2025-05-14T10:50:03.111Z] > command requires scopes: ["email","openid","https://www.googleapis.com/auth/cloudplatformprojects.readonly","https://www.googleapis.com/auth/firebase","https://www.googleapis.com/auth/cloud-platform"]
[debug] [2025-05-14T10:50:03.112Z] > authorizing via signed-in user (sutradharsneha5577@gmail.com)
[info] 
     ######## #### ########  ######## ########     ###     ######  ########
     ##        ##  ##     ## ##       ##     ##  ##   ##  ##       ##
     ######    ##  ########  ######   ########  #########  ######  ######
     ##        ##  ##    ##  ##       ##     ## ##     ##       ## ##
     ##       #### ##     ## ######## ########  ##     ##  ######  ########

You're about to initialize a Firebase project in this directory:

  E:\roy tech lab\website\demo\roy-tech-lab-1

Before we get started, keep in mind:

  * You are initializing within an existing Firebase project directory

[info] 
=== Project Setup
[info] 
[info] First, let's associate this project directory with a Firebase project.
[info] You can create multiple project aliases by running firebase use --add, 
[info] but for now we'll just set up a default project.
[info] 
[debug] [2025-05-14T10:50:08.218Z] Using project from CLI flag: roy-1-cb491
[debug] [2025-05-14T10:50:08.220Z] Checked if tokens are valid: true, expires at: 1747221710047
[debug] [2025-05-14T10:50:08.220Z] Checked if tokens are valid: true, expires at: 1747221710047
[debug] [2025-05-14T10:50:08.222Z] >>> [apiv2][query] GET https://firebase.googleapis.com/v1beta1/projects/roy-1-cb491 [none]
[debug] [2025-05-14T10:50:09.245Z] <<< [apiv2][status] GET https://firebase.googleapis.com/v1beta1/projects/roy-1-cb491 200
[debug] [2025-05-14T10:50:09.246Z] <<< [apiv2][body] GET https://firebase.googleapis.com/v1beta1/projects/roy-1-cb491 {"projectId":"roy-1-cb491","projectNumber":"400643220544","displayName":"roy-1","name":"projects/roy-1-cb491","resources":{"hostingSite":"roy-1-cb491"},"state":"ACTIVE","etag":"1_8b229eef-9d5c-4dbc-93d8-495ba2cc805f"}
[info] i  Using project roy-1-cb491 (roy-1) 
[info] 
=== Hosting Setup
[debug] [2025-05-14T10:50:09.258Z] Checked if tokens are valid: true, expires at: 1747221710047
[debug] [2025-05-14T10:50:09.258Z] Checked if tokens are valid: true, expires at: 1747221710047
[debug] [2025-05-14T10:50:09.259Z] >>> [apiv2][query] GET https://firebase.googleapis.com/v1beta1/projects/roy-1-cb491 [none]
[debug] [2025-05-14T10:50:09.852Z] <<< [apiv2][status] GET https://firebase.googleapis.com/v1beta1/projects/roy-1-cb491 200
[debug] [2025-05-14T10:50:09.852Z] <<< [apiv2][body] GET https://firebase.googleapis.com/v1beta1/projects/roy-1-cb491 {"projectId":"roy-1-cb491","projectNumber":"400643220544","displayName":"roy-1","name":"projects/roy-1-cb491","resources":{"hostingSite":"roy-1-cb491"},"state":"ACTIVE","etag":"1_8b229eef-9d5c-4dbc-93d8-495ba2cc805f"}
[info] 
[info] Your public directory is the folder (relative to your project directory) that
[info] will contain Hosting assets to be uploaded with firebase deploy. If you
[info] have a build process for your assets, use your build's output directory.
[info] 
